d:\mydocs\cwu\fall2020\data mining\projects\project_spc_ver5\opengl_on_a_windows_form\release\opengl_on_a_windows_form.pch
d:\mydocs\cwu\fall2020\data mining\projects\project_spc_ver5\opengl_on_a_windows_form\release\vc142.pdb
d:\mydocs\cwu\fall2020\data mining\projects\project_spc_ver5\opengl_on_a_windows_form\release\stdafx.obj
d:\mydocs\cwu\fall2020\data mining\projects\project_spc_ver5\opengl_on_a_windows_form\release\filehandling.obj
d:\mydocs\cwu\fall2020\data mining\projects\project_spc_ver5\opengl_on_a_windows_form\release\interactivespc.obj
d:\mydocs\cwu\fall2020\data mining\projects\project_spc_ver5\opengl_on_a_windows_form\release\assemblyinfo.obj
d:\mydocs\cwu\fall2020\data mining\projects\project_spc_ver5\opengl_on_a_windows_form\release\opengl_on_a_windows_form.obj
d:\mydocs\cwu\fall2020\data mining\projects\project_spc_ver5\opengl_on_a_windows_form\release\.netframework,version=v4.0.assemblyattributes.obj
d:\mydocs\cwu\fall2020\data mining\projects\project_spc_ver5\opengl_on_a_windows_form\release\.netframework,version=v4.0.assemblyattributes.asm
d:\mydocs\cwu\fall2020\data mining\projects\project_spc_ver5\release\opengl_on_a_windows_form.exe
d:\mydocs\cwu\fall2020\data mining\projects\project_spc_ver5\release\opengl_on_a_windows_form.pdb
d:\mydocs\cwu\fall2020\data mining\projects\project_spc_ver5\opengl_on_a_windows_form\release\opengl_on_a_windows_form.form1.resources
d:\mydocs\cwu\fall2020\data mining\projects\project_spc_ver5\opengl_on_a_windows_form\release\app.res
d:\mydocs\cwu\fall2020\data mining\projects\project_spc_ver5\opengl_on_a_windows_form\release\opengl_on_a_windows_form.vcxproj.generateresource.cache
d:\mydocs\cwu\fall2020\data mining\projects\project_spc_ver5\opengl_on_a_windows_form\release\opengl_o.d4e3ab88.tlog\cl.command.1.tlog
d:\mydocs\cwu\fall2020\data mining\projects\project_spc_ver5\opengl_on_a_windows_form\release\opengl_o.d4e3ab88.tlog\cl.read.1.tlog
d:\mydocs\cwu\fall2020\data mining\projects\project_spc_ver5\opengl_on_a_windows_form\release\opengl_o.d4e3ab88.tlog\cl.write.1.tlog
d:\mydocs\cwu\fall2020\data mining\projects\project_spc_ver5\opengl_on_a_windows_form\release\opengl_o.d4e3ab88.tlog\link.command.1.tlog
d:\mydocs\cwu\fall2020\data mining\projects\project_spc_ver5\opengl_on_a_windows_form\release\opengl_o.d4e3ab88.tlog\link.read.1.tlog
d:\mydocs\cwu\fall2020\data mining\projects\project_spc_ver5\opengl_on_a_windows_form\release\opengl_o.d4e3ab88.tlog\link.write.1.tlog
d:\mydocs\cwu\fall2020\data mining\projects\project_spc_ver5\opengl_on_a_windows_form\release\opengl_o.d4e3ab88.tlog\metagen.read.1.tlog
d:\mydocs\cwu\fall2020\data mining\projects\project_spc_ver5\opengl_on_a_windows_form\release\opengl_o.d4e3ab88.tlog\metagen.write.1.tlog
d:\mydocs\cwu\fall2020\data mining\projects\project_spc_ver5\opengl_on_a_windows_form\release\opengl_o.d4e3ab88.tlog\opengl_on_a_windows_form.write.1u.tlog
d:\mydocs\cwu\fall2020\data mining\projects\project_spc_ver5\opengl_on_a_windows_form\release\opengl_o.d4e3ab88.tlog\rc.command.1.tlog
d:\mydocs\cwu\fall2020\data mining\projects\project_spc_ver5\opengl_on_a_windows_form\release\opengl_o.d4e3ab88.tlog\rc.read.1.tlog
d:\mydocs\cwu\fall2020\data mining\projects\project_spc_ver5\opengl_on_a_windows_form\release\opengl_o.d4e3ab88.tlog\rc.write.1.tlog
