  stdafx.cpp
  AssemblyInfo.cpp
C:\Users\Alex Worland\OneDrive - Central Washington University\CS DEGREE\Research Assistant\Git Repos\cs556_project\Project_SPC_Ver5\OpenGL_on_a_Windows_Form\AssemblyInfo.cpp(40,29): warning C4947: 'System::Security::Permissions::SecurityAction::RequestMinimum': marked as obsolete
C:\Users\Alex Worland\OneDrive - Central Washington University\CS DEGREE\Research Assistant\Git Repos\cs556_project\Project_SPC_Ver5\OpenGL_on_a_Windows_Form\AssemblyInfo.cpp(40,29): message : Message: 'Assembly level declarative security is obsolete and is no longer enforced by the CLR by default. See http://go.microsoft.com/fwlink/?LinkID=155570 for more information.'
  InteractiveSPC.cpp
C:\Users\Alex Worland\OneDrive - Central Washington University\CS DEGREE\Research Assistant\Git Repos\cs556_project\Project_SPC_Ver5\OpenGL_on_a_Windows_Form\ClassData.h(82,21): warning C4018: '<': signed/unsigned mismatch
C:\Users\Alex Worland\OneDrive - Central Washington University\CS DEGREE\Research Assistant\Git Repos\cs556_project\Project_SPC_Ver5\OpenGL_on_a_Windows_Form\ClassData.h(85,23): warning C4018: '<': signed/unsigned mismatch
C:\Users\Alex Worland\OneDrive - Central Washington University\CS DEGREE\Research Assistant\Git Repos\cs556_project\Project_SPC_Ver5\OpenGL_on_a_Windows_Form\ClassData.h(105,21): warning C4018: '<': signed/unsigned mismatch
C:\Users\Alex Worland\OneDrive - Central Washington University\CS DEGREE\Research Assistant\Git Repos\cs556_project\Project_SPC_Ver5\OpenGL_on_a_Windows_Form\ClassData.h(124,21): warning C4018: '<': signed/unsigned mismatch
C:\Users\Alex Worland\OneDrive - Central Washington University\CS DEGREE\Research Assistant\Git Repos\cs556_project\Project_SPC_Ver5\OpenGL_on_a_Windows_Form\ClassData.h(142,21): warning C4018: '<': signed/unsigned mismatch
C:\Users\Alex Worland\OneDrive - Central Washington University\CS DEGREE\Research Assistant\Git Repos\cs556_project\Project_SPC_Ver5\OpenGL_on_a_Windows_Form\ClassData.h(183,21): warning C4018: '<': signed/unsigned mismatch
C:\Users\Alex Worland\OneDrive - Central Washington University\CS DEGREE\Research Assistant\Git Repos\cs556_project\Project_SPC_Ver5\OpenGL_on_a_Windows_Form\ClassData.h(185,22): warning C4018: '<': signed/unsigned mismatch
C:\Users\Alex Worland\OneDrive - Central Washington University\CS DEGREE\Research Assistant\Git Repos\cs556_project\Project_SPC_Ver5\OpenGL_on_a_Windows_Form\ClassData.h(195,21): warning C4018: '<': signed/unsigned mismatch
C:\Users\Alex Worland\OneDrive - Central Washington University\CS DEGREE\Research Assistant\Git Repos\cs556_project\Project_SPC_Ver5\OpenGL_on_a_Windows_Form\ClassData.h(233,22): warning C4018: '<': signed/unsigned mismatch
C:\Users\Alex Worland\OneDrive - Central Washington University\CS DEGREE\Research Assistant\Git Repos\cs556_project\Project_SPC_Ver5\OpenGL_on_a_Windows_Form\ClassData.h(474,21): warning C4018: '<': signed/unsigned mismatch
C:\Users\Alex Worland\OneDrive - Central Washington University\CS DEGREE\Research Assistant\Git Repos\cs556_project\Project_SPC_Ver5\OpenGL_on_a_Windows_Form\ClassData.h(487,29): warning C4018: '<': signed/unsigned mismatch
C:\Users\Alex Worland\OneDrive - Central Washington University\CS DEGREE\Research Assistant\Git Repos\cs556_project\Project_SPC_Ver5\OpenGL_on_a_Windows_Form\ClassData.h(496,29): warning C4018: '<': signed/unsigned mismatch
C:\Users\Alex Worland\OneDrive - Central Washington University\CS DEGREE\Research Assistant\Git Repos\cs556_project\Project_SPC_Ver5\OpenGL_on_a_Windows_Form\ClassData.h(513,10): warning C4018: '<': signed/unsigned mismatch
C:\Users\Alex Worland\OneDrive - Central Washington University\CS DEGREE\Research Assistant\Git Repos\cs556_project\Project_SPC_Ver5\OpenGL_on_a_Windows_Form\ClassData.h(548,21): warning C4018: '<': signed/unsigned mismatch
C:\Users\Alex Worland\OneDrive - Central Washington University\CS DEGREE\Research Assistant\Git Repos\cs556_project\Project_SPC_Ver5\OpenGL_on_a_Windows_Form\ClassData.h(583,21): warning C4018: '<': signed/unsigned mismatch
C:\Users\Alex Worland\OneDrive - Central Washington University\CS DEGREE\Research Assistant\Git Repos\cs556_project\Project_SPC_Ver5\OpenGL_on_a_Windows_Form\ClassData.h(596,21): warning C4018: '<': signed/unsigned mismatch
C:\Users\Alex Worland\OneDrive - Central Washington University\CS DEGREE\Research Assistant\Git Repos\cs556_project\Project_SPC_Ver5\OpenGL_on_a_Windows_Form\ClassData.h(651,21): warning C4018: '<': signed/unsigned mismatch
C:\Users\Alex Worland\OneDrive - Central Washington University\CS DEGREE\Research Assistant\Git Repos\cs556_project\Project_SPC_Ver5\OpenGL_on_a_Windows_Form\InteractiveSPC.cpp(30,22): warning C4018: '<': signed/unsigned mismatch
C:\Users\Alex Worland\OneDrive - Central Washington University\CS DEGREE\Research Assistant\Git Repos\cs556_project\Project_SPC_Ver5\OpenGL_on_a_Windows_Form\InteractiveSPC.cpp(99,37): warning C4018: '<': signed/unsigned mismatch
C:\Users\Alex Worland\OneDrive - Central Washington University\CS DEGREE\Research Assistant\Git Repos\cs556_project\Project_SPC_Ver5\OpenGL_on_a_Windows_Form\InteractiveSPC.cpp(378,21): warning C4018: '<': signed/unsigned mismatch
C:\Users\Alex Worland\OneDrive - Central Washington University\CS DEGREE\Research Assistant\Git Repos\cs556_project\Project_SPC_Ver5\OpenGL_on_a_Windows_Form\InteractiveSPC.cpp(563,21): warning C4018: '<': signed/unsigned mismatch
C:\Users\Alex Worland\OneDrive - Central Washington University\CS DEGREE\Research Assistant\Git Repos\cs556_project\Project_SPC_Ver5\OpenGL_on_a_Windows_Form\InteractiveSPC.cpp(579,21): warning C4018: '<': signed/unsigned mismatch
C:\Users\Alex Worland\OneDrive - Central Washington University\CS DEGREE\Research Assistant\Git Repos\cs556_project\Project_SPC_Ver5\OpenGL_on_a_Windows_Form\InteractiveSPC.cpp(596,21): warning C4018: '<': signed/unsigned mismatch
C:\Users\Alex Worland\OneDrive - Central Washington University\CS DEGREE\Research Assistant\Git Repos\cs556_project\Project_SPC_Ver5\OpenGL_on_a_Windows_Form\InteractiveSPC.cpp(816,20): warning C4018: '<': signed/unsigned mismatch
C:\Users\Alex Worland\OneDrive - Central Washington University\CS DEGREE\Research Assistant\Git Repos\cs556_project\Project_SPC_Ver5\OpenGL_on_a_Windows_Form\InteractiveSPC.cpp(902,20): warning C4018: '<': signed/unsigned mismatch
C:\Users\Alex Worland\OneDrive - Central Washington University\CS DEGREE\Research Assistant\Git Repos\cs556_project\Project_SPC_Ver5\OpenGL_on_a_Windows_Form\InteractiveSPC.cpp(1023,20): warning C4018: '<': signed/unsigned mismatch
  FileHandling.cpp
C:\Users\Alex Worland\OneDrive - Central Washington University\CS DEGREE\Research Assistant\Git Repos\cs556_project\Project_SPC_Ver5\OpenGL_on_a_Windows_Form\ClassData.h(82,21): warning C4018: '<': signed/unsigned mismatch
C:\Users\Alex Worland\OneDrive - Central Washington University\CS DEGREE\Research Assistant\Git Repos\cs556_project\Project_SPC_Ver5\OpenGL_on_a_Windows_Form\ClassData.h(85,23): warning C4018: '<': signed/unsigned mismatch
C:\Users\Alex Worland\OneDrive - Central Washington University\CS DEGREE\Research Assistant\Git Repos\cs556_project\Project_SPC_Ver5\OpenGL_on_a_Windows_Form\ClassData.h(105,21): warning C4018: '<': signed/unsigned mismatch
C:\Users\Alex Worland\OneDrive - Central Washington University\CS DEGREE\Research Assistant\Git Repos\cs556_project\Project_SPC_Ver5\OpenGL_on_a_Windows_Form\ClassData.h(124,21): warning C4018: '<': signed/unsigned mismatch
C:\Users\Alex Worland\OneDrive - Central Washington University\CS DEGREE\Research Assistant\Git Repos\cs556_project\Project_SPC_Ver5\OpenGL_on_a_Windows_Form\ClassData.h(142,21): warning C4018: '<': signed/unsigned mismatch
C:\Users\Alex Worland\OneDrive - Central Washington University\CS DEGREE\Research Assistant\Git Repos\cs556_project\Project_SPC_Ver5\OpenGL_on_a_Windows_Form\ClassData.h(183,21): warning C4018: '<': signed/unsigned mismatch
C:\Users\Alex Worland\OneDrive - Central Washington University\CS DEGREE\Research Assistant\Git Repos\cs556_project\Project_SPC_Ver5\OpenGL_on_a_Windows_Form\ClassData.h(185,22): warning C4018: '<': signed/unsigned mismatch
C:\Users\Alex Worland\OneDrive - Central Washington University\CS DEGREE\Research Assistant\Git Repos\cs556_project\Project_SPC_Ver5\OpenGL_on_a_Windows_Form\ClassData.h(195,21): warning C4018: '<': signed/unsigned mismatch
C:\Users\Alex Worland\OneDrive - Central Washington University\CS DEGREE\Research Assistant\Git Repos\cs556_project\Project_SPC_Ver5\OpenGL_on_a_Windows_Form\ClassData.h(233,22): warning C4018: '<': signed/unsigned mismatch
C:\Users\Alex Worland\OneDrive - Central Washington University\CS DEGREE\Research Assistant\Git Repos\cs556_project\Project_SPC_Ver5\OpenGL_on_a_Windows_Form\ClassData.h(474,21): warning C4018: '<': signed/unsigned mismatch
C:\Users\Alex Worland\OneDrive - Central Washington University\CS DEGREE\Research Assistant\Git Repos\cs556_project\Project_SPC_Ver5\OpenGL_on_a_Windows_Form\ClassData.h(487,29): warning C4018: '<': signed/unsigned mismatch
C:\Users\Alex Worland\OneDrive - Central Washington University\CS DEGREE\Research Assistant\Git Repos\cs556_project\Project_SPC_Ver5\OpenGL_on_a_Windows_Form\ClassData.h(496,29): warning C4018: '<': signed/unsigned mismatch
C:\Users\Alex Worland\OneDrive - Central Washington University\CS DEGREE\Research Assistant\Git Repos\cs556_project\Project_SPC_Ver5\OpenGL_on_a_Windows_Form\ClassData.h(513,10): warning C4018: '<': signed/unsigned mismatch
C:\Users\Alex Worland\OneDrive - Central Washington University\CS DEGREE\Research Assistant\Git Repos\cs556_project\Project_SPC_Ver5\OpenGL_on_a_Windows_Form\ClassData.h(548,21): warning C4018: '<': signed/unsigned mismatch
C:\Users\Alex Worland\OneDrive - Central Washington University\CS DEGREE\Research Assistant\Git Repos\cs556_project\Project_SPC_Ver5\OpenGL_on_a_Windows_Form\ClassData.h(583,21): warning C4018: '<': signed/unsigned mismatch
C:\Users\Alex Worland\OneDrive - Central Washington University\CS DEGREE\Research Assistant\Git Repos\cs556_project\Project_SPC_Ver5\OpenGL_on_a_Windows_Form\ClassData.h(596,21): warning C4018: '<': signed/unsigned mismatch
C:\Users\Alex Worland\OneDrive - Central Washington University\CS DEGREE\Research Assistant\Git Repos\cs556_project\Project_SPC_Ver5\OpenGL_on_a_Windows_Form\ClassData.h(651,21): warning C4018: '<': signed/unsigned mismatch
C:\Users\Alex Worland\OneDrive - Central Washington University\CS DEGREE\Research Assistant\Git Repos\cs556_project\Project_SPC_Ver5\OpenGL_on_a_Windows_Form\FileHandling.cpp(74,20): warning C4018: '<': signed/unsigned mismatch
C:\Users\Alex Worland\OneDrive - Central Washington University\CS DEGREE\Research Assistant\Git Repos\cs556_project\Project_SPC_Ver5\OpenGL_on_a_Windows_Form\FileHandling.cpp(94,9): warning C4018: '<': signed/unsigned mismatch
C:\Users\Alex Worland\OneDrive - Central Washington University\CS DEGREE\Research Assistant\Git Repos\cs556_project\Project_SPC_Ver5\OpenGL_on_a_Windows_Form\FileHandling.cpp(131,21): warning C4018: '<': signed/unsigned mismatch
C:\Users\Alex Worland\OneDrive - Central Washington University\CS DEGREE\Research Assistant\Git Repos\cs556_project\Project_SPC_Ver5\OpenGL_on_a_Windows_Form\FileHandling.cpp(163,20): warning C4018: '<': signed/unsigned mismatch
C:\Users\Alex Worland\OneDrive - Central Washington University\CS DEGREE\Research Assistant\Git Repos\cs556_project\Project_SPC_Ver5\OpenGL_on_a_Windows_Form\FileHandling.cpp(169,17): warning C4018: '>': signed/unsigned mismatch
C:\Users\Alex Worland\OneDrive - Central Washington University\CS DEGREE\Research Assistant\Git Repos\cs556_project\Project_SPC_Ver5\OpenGL_on_a_Windows_Form\FileHandling.cpp(177,21): warning C4018: '<': signed/unsigned mismatch
C:\Users\Alex Worland\OneDrive - Central Washington University\CS DEGREE\Research Assistant\Git Repos\cs556_project\Project_SPC_Ver5\OpenGL_on_a_Windows_Form\FileHandling.cpp(190,21): warning C4018: '<': signed/unsigned mismatch
C:\Users\Alex Worland\OneDrive - Central Washington University\CS DEGREE\Research Assistant\Git Repos\cs556_project\Project_SPC_Ver5\OpenGL_on_a_Windows_Form\FileHandling.cpp(245,20): warning C4018: '<': signed/unsigned mismatch
C:\Users\Alex Worland\OneDrive - Central Washington University\CS DEGREE\Research Assistant\Git Repos\cs556_project\Project_SPC_Ver5\OpenGL_on_a_Windows_Form\FileHandling.cpp(251,17): warning C4018: '>': signed/unsigned mismatch
C:\Users\Alex Worland\OneDrive - Central Washington University\CS DEGREE\Research Assistant\Git Repos\cs556_project\Project_SPC_Ver5\OpenGL_on_a_Windows_Form\FileHandling.cpp(259,21): warning C4018: '<': signed/unsigned mismatch
C:\Users\Alex Worland\OneDrive - Central Washington University\CS DEGREE\Research Assistant\Git Repos\cs556_project\Project_SPC_Ver5\OpenGL_on_a_Windows_Form\FileHandling.cpp(314,20): warning C4018: '<': signed/unsigned mismatch
C:\Users\Alex Worland\OneDrive - Central Washington University\CS DEGREE\Research Assistant\Git Repos\cs556_project\Project_SPC_Ver5\OpenGL_on_a_Windows_Form\FileHandling.cpp(316,21): warning C4018: '<': signed/unsigned mismatch
C:\Users\Alex Worland\OneDrive - Central Washington University\CS DEGREE\Research Assistant\Git Repos\cs556_project\Project_SPC_Ver5\OpenGL_on_a_Windows_Form\FileHandling.cpp(335,20): warning C4018: '<': signed/unsigned mismatch
C:\Users\Alex Worland\OneDrive - Central Washington University\CS DEGREE\Research Assistant\Git Repos\cs556_project\Project_SPC_Ver5\OpenGL_on_a_Windows_Form\FileHandling.cpp(336,21): warning C4018: '<': signed/unsigned mismatch
C:\Users\Alex Worland\OneDrive - Central Washington University\CS DEGREE\Research Assistant\Git Repos\cs556_project\Project_SPC_Ver5\OpenGL_on_a_Windows_Form\FileHandling.cpp(366,20): warning C4018: '<': signed/unsigned mismatch
C:\Users\Alex Worland\OneDrive - Central Washington University\CS DEGREE\Research Assistant\Git Repos\cs556_project\Project_SPC_Ver5\OpenGL_on_a_Windows_Form\FileHandling.cpp(368,21): warning C4018: '<': signed/unsigned mismatch
C:\Users\Alex Worland\OneDrive - Central Washington University\CS DEGREE\Research Assistant\Git Repos\cs556_project\Project_SPC_Ver5\OpenGL_on_a_Windows_Form\FileHandling.cpp(384,20): warning C4018: '<': signed/unsigned mismatch
C:\Users\Alex Worland\OneDrive - Central Washington University\CS DEGREE\Research Assistant\Git Repos\cs556_project\Project_SPC_Ver5\OpenGL_on_a_Windows_Form\FileHandling.cpp(385,21): warning C4018: '<': signed/unsigned mismatch
  OpenGL_on_a_Windows_Form.cpp
C:\Users\Alex Worland\OneDrive - Central Washington University\CS DEGREE\Research Assistant\Git Repos\cs556_project\Project_SPC_Ver5\OpenGL_on_a_Windows_Form\ClassData.h(82,21): warning C4018: '<': signed/unsigned mismatch
C:\Users\Alex Worland\OneDrive - Central Washington University\CS DEGREE\Research Assistant\Git Repos\cs556_project\Project_SPC_Ver5\OpenGL_on_a_Windows_Form\ClassData.h(85,23): warning C4018: '<': signed/unsigned mismatch
C:\Users\Alex Worland\OneDrive - Central Washington University\CS DEGREE\Research Assistant\Git Repos\cs556_project\Project_SPC_Ver5\OpenGL_on_a_Windows_Form\ClassData.h(105,21): warning C4018: '<': signed/unsigned mismatch
C:\Users\Alex Worland\OneDrive - Central Washington University\CS DEGREE\Research Assistant\Git Repos\cs556_project\Project_SPC_Ver5\OpenGL_on_a_Windows_Form\ClassData.h(124,21): warning C4018: '<': signed/unsigned mismatch
C:\Users\Alex Worland\OneDrive - Central Washington University\CS DEGREE\Research Assistant\Git Repos\cs556_project\Project_SPC_Ver5\OpenGL_on_a_Windows_Form\ClassData.h(142,21): warning C4018: '<': signed/unsigned mismatch
C:\Users\Alex Worland\OneDrive - Central Washington University\CS DEGREE\Research Assistant\Git Repos\cs556_project\Project_SPC_Ver5\OpenGL_on_a_Windows_Form\ClassData.h(183,21): warning C4018: '<': signed/unsigned mismatch
C:\Users\Alex Worland\OneDrive - Central Washington University\CS DEGREE\Research Assistant\Git Repos\cs556_project\Project_SPC_Ver5\OpenGL_on_a_Windows_Form\ClassData.h(185,22): warning C4018: '<': signed/unsigned mismatch
C:\Users\Alex Worland\OneDrive - Central Washington University\CS DEGREE\Research Assistant\Git Repos\cs556_project\Project_SPC_Ver5\OpenGL_on_a_Windows_Form\ClassData.h(195,21): warning C4018: '<': signed/unsigned mismatch
C:\Users\Alex Worland\OneDrive - Central Washington University\CS DEGREE\Research Assistant\Git Repos\cs556_project\Project_SPC_Ver5\OpenGL_on_a_Windows_Form\ClassData.h(233,22): warning C4018: '<': signed/unsigned mismatch
C:\Users\Alex Worland\OneDrive - Central Washington University\CS DEGREE\Research Assistant\Git Repos\cs556_project\Project_SPC_Ver5\OpenGL_on_a_Windows_Form\ClassData.h(474,21): warning C4018: '<': signed/unsigned mismatch
C:\Users\Alex Worland\OneDrive - Central Washington University\CS DEGREE\Research Assistant\Git Repos\cs556_project\Project_SPC_Ver5\OpenGL_on_a_Windows_Form\ClassData.h(487,29): warning C4018: '<': signed/unsigned mismatch
C:\Users\Alex Worland\OneDrive - Central Washington University\CS DEGREE\Research Assistant\Git Repos\cs556_project\Project_SPC_Ver5\OpenGL_on_a_Windows_Form\ClassData.h(496,29): warning C4018: '<': signed/unsigned mismatch
C:\Users\Alex Worland\OneDrive - Central Washington University\CS DEGREE\Research Assistant\Git Repos\cs556_project\Project_SPC_Ver5\OpenGL_on_a_Windows_Form\ClassData.h(513,10): warning C4018: '<': signed/unsigned mismatch
C:\Users\Alex Worland\OneDrive - Central Washington University\CS DEGREE\Research Assistant\Git Repos\cs556_project\Project_SPC_Ver5\OpenGL_on_a_Windows_Form\ClassData.h(548,21): warning C4018: '<': signed/unsigned mismatch
C:\Users\Alex Worland\OneDrive - Central Washington University\CS DEGREE\Research Assistant\Git Repos\cs556_project\Project_SPC_Ver5\OpenGL_on_a_Windows_Form\ClassData.h(583,21): warning C4018: '<': signed/unsigned mismatch
C:\Users\Alex Worland\OneDrive - Central Washington University\CS DEGREE\Research Assistant\Git Repos\cs556_project\Project_SPC_Ver5\OpenGL_on_a_Windows_Form\ClassData.h(596,21): warning C4018: '<': signed/unsigned mismatch
C:\Users\Alex Worland\OneDrive - Central Washington University\CS DEGREE\Research Assistant\Git Repos\cs556_project\Project_SPC_Ver5\OpenGL_on_a_Windows_Form\ClassData.h(651,21): warning C4018: '<': signed/unsigned mismatch
C:\Users\Alex Worland\OneDrive - Central Washington University\CS DEGREE\Research Assistant\Git Repos\cs556_project\Project_SPC_Ver5\OpenGL_on_a_Windows_Form\OpenGL3.h(752,20): warning C4018: '<': signed/unsigned mismatch
C:\Users\Alex Worland\OneDrive - Central Washington University\CS DEGREE\Research Assistant\Git Repos\cs556_project\Project_SPC_Ver5\OpenGL_on_a_Windows_Form\OpenGL3.h(781,20): warning C4018: '<': signed/unsigned mismatch
C:\Users\Alex Worland\OneDrive - Central Washington University\CS DEGREE\Research Assistant\Git Repos\cs556_project\Project_SPC_Ver5\OpenGL_on_a_Windows_Form\OpenGL3.h(809,20): warning C4018: '<': signed/unsigned mismatch
C:\Users\Alex Worland\OneDrive - Central Washington University\CS DEGREE\Research Assistant\Git Repos\cs556_project\Project_SPC_Ver5\OpenGL_on_a_Windows_Form\OpenGL3.h(815,21): warning C4018: '<': signed/unsigned mismatch
C:\Users\Alex Worland\OneDrive - Central Washington University\CS DEGREE\Research Assistant\Git Repos\cs556_project\Project_SPC_Ver5\OpenGL_on_a_Windows_Form\OpenGL3.h(825,20): warning C4018: '<': signed/unsigned mismatch
C:\Users\Alex Worland\OneDrive - Central Washington University\CS DEGREE\Research Assistant\Git Repos\cs556_project\Project_SPC_Ver5\OpenGL_on_a_Windows_Form\OpenGL3.h(832,20): warning C4018: '<': signed/unsigned mismatch
C:\Users\Alex Worland\OneDrive - Central Washington University\CS DEGREE\Research Assistant\Git Repos\cs556_project\Project_SPC_Ver5\OpenGL_on_a_Windows_Form\OpenGL3.h(846,20): warning C4018: '<': signed/unsigned mismatch
C:\Users\Alex Worland\OneDrive - Central Washington University\CS DEGREE\Research Assistant\Git Repos\cs556_project\Project_SPC_Ver5\OpenGL_on_a_Windows_Form\OpenGL3.h(854,20): warning C4018: '<': signed/unsigned mismatch
C:\Users\Alex Worland\OneDrive - Central Washington University\CS DEGREE\Research Assistant\Git Repos\cs556_project\Project_SPC_Ver5\OpenGL_on_a_Windows_Form\OpenGL3.h(860,21): warning C4018: '<': signed/unsigned mismatch
C:\Users\Alex Worland\OneDrive - Central Washington University\CS DEGREE\Research Assistant\Git Repos\cs556_project\Project_SPC_Ver5\OpenGL_on_a_Windows_Form\OpenGL3.h(870,20): warning C4018: '<': signed/unsigned mismatch
C:\Users\Alex Worland\OneDrive - Central Washington University\CS DEGREE\Research Assistant\Git Repos\cs556_project\Project_SPC_Ver5\OpenGL_on_a_Windows_Form\OpenGL3.h(877,20): warning C4018: '<': signed/unsigned mismatch
C:\Users\Alex Worland\OneDrive - Central Washington University\CS DEGREE\Research Assistant\Git Repos\cs556_project\Project_SPC_Ver5\OpenGL_on_a_Windows_Form\OpenGL3.h(895,20): warning C4018: '<': signed/unsigned mismatch
C:\Users\Alex Worland\OneDrive - Central Washington University\CS DEGREE\Research Assistant\Git Repos\cs556_project\Project_SPC_Ver5\OpenGL_on_a_Windows_Form\OpenGL3.h(907,20): warning C4018: '<': signed/unsigned mismatch
C:\Users\Alex Worland\OneDrive - Central Washington University\CS DEGREE\Research Assistant\Git Repos\cs556_project\Project_SPC_Ver5\OpenGL_on_a_Windows_Form\OpenGL3.h(925,20): warning C4018: '<': signed/unsigned mismatch
C:\Users\Alex Worland\OneDrive - Central Washington University\CS DEGREE\Research Assistant\Git Repos\cs556_project\Project_SPC_Ver5\OpenGL_on_a_Windows_Form\OpenGL3.h(929,20): warning C4018: '<': signed/unsigned mismatch
C:\Users\Alex Worland\OneDrive - Central Washington University\CS DEGREE\Research Assistant\Git Repos\cs556_project\Project_SPC_Ver5\OpenGL_on_a_Windows_Form\OpenGL3.h(943,20): warning C4018: '<': signed/unsigned mismatch
C:\Users\Alex Worland\OneDrive - Central Washington University\CS DEGREE\Research Assistant\Git Repos\cs556_project\Project_SPC_Ver5\OpenGL_on_a_Windows_Form\OpenGL3.h(947,20): warning C4018: '<': signed/unsigned mismatch
  Generating Code...
  .NETFramework,Version=v4.0.AssemblyAttributes.cpp
  AssemblyInfo.obj : MSIL module encountered; incremental linking is disabled for MSIL; performing full link
InteractiveSPC.obj : warning LNK4248: unresolved typeref token (01000022) for 'GLUquadric'; image may not run
  OpenGL_on_a_Windows_Form.vcxproj -> C:\Users\Alex Worland\OneDrive - Central Washington University\CS DEGREE\Research Assistant\Git Repos\cs556_project\Project_SPC_Ver5\Debug\OpenGL_on_a_Windows_Form.exe
